node.exe : 2026-04-02T11:07:09Z 
INF Thank you for trying 
Cloudflare Tunnel. Doing so, 
without a Cloudflare account, is 
a quick way to experiment and 
try it out. However, be aware 
that these account-less Tunnels 
have no uptime guarantee, are 
subject to the Cloudflare Online 
Services Terms of Use (https://ww
w.cloudflare.com/website-terms/),
 and Cloudflare reserves the 
right to investigate your use of 
Tunnels for violations of such 
terms. If you intend to use 
Tunnels in production you should 
use a pre-created named tunnel 
by following: https://developers.
cloudflare.com/cloudflare-one/con
nections/connect-apps
At line:1 char:1
+ & "C:\Program 
Files\nodejs/node.exe" 
"C:\Program Files\nodejs/node_mo 
...
+ ~~~~~~~~~~~~~~~~~~~~~~~~~~~~~~~
~~~~~~~~~~~~~~~~~~~~~~~~~~~~~~~~~
~~~~~
    + CategoryInfo          : No 
   tSpecified: (2026-04-02T11:0  
  ...ns/connect-apps:String) [   
 ], RemoteException
    + FullyQualifiedErrorId : Na 
   tiveCommandError
 
2026-04-02T11:07:09Z INF 
Requesting new quick Tunnel on 
trycloudflare.com...
2026-04-02T11:07:14Z INF +-------
---------------------------------
---------------------------------
-------------------+
2026-04-02T11:07:14Z INF |  Your 
quick Tunnel has been created! 
Visit it at (it may take some 
time to be reachable):  |
2026-04-02T11:07:14Z INF |  https
://owners-translate-italic-enquir
ies.trycloudflare.com            
                   |
2026-04-02T11:07:14Z INF +-------
---------------------------------
---------------------------------
-------------------+
2026-04-02T11:07:14Z INF Cannot 
determine default configuration 
path. No file [config.yml 
config.yaml] in [~/.cloudflared 
~/.cloudflare-warp 
~/cloudflare-warp]
2026-04-02T11:07:14Z INF Version 
2026.3.0 (Checksum 59b12880b24af5
81cf5b1013db601c7d843b9b097e9c78a
a5957c7f39f741885)
2026-04-02T11:07:14Z INF GOOS: 
windows, GOVersion: go1.24.13, 
GoArch: amd64
2026-04-02T11:07:14Z INF 
Settings: map[ha-connections:1 
protocol:quic 
url:http://localhost:5176]
2026-04-02T11:07:14Z INF 
cloudflared will not 
automatically update on Windows 
systems.
2026-04-02T11:07:15Z INF 
Generated Connector ID: 370503bf-
1c4d-42e9-bc5b-e56c34833b23
2026-04-02T11:07:15Z INF Initial 
protocol quic
2026-04-02T11:07:15Z INF ICMP 
proxy will use 192.168.100.88 as 
source for IPv4
2026-04-02T11:07:15Z INF ICMP 
proxy will use 
fe80::7dfb:71fa:1b59:2193 in 
zone Wi-Fi as source for IPv6
2026-04-02T11:07:15Z INF 
cloudflared does not support 
loading the system root 
certificate pool on Windows. 
Please use --origin-ca-pool 
<PATH> to specify the path to 
the certificate pool
2026-04-02T11:07:15Z INF ICMP 
proxy will use 192.168.100.88 as 
source for IPv4
2026-04-02T11:07:15Z INF Tunnel 
connection curve preferences: 
[X25519MLKEM768 CurveP256] 
connIndex=0 event=0 
ip=198.41.192.27
2026-04-02T11:07:15Z INF ICMP 
proxy will use 
fe80::7dfb:71fa:1b59:2193 in 
zone Wi-Fi as source for IPv6
2026-04-02T11:07:15Z INF 
Starting metrics server on 
127.0.0.1:20243/metrics
2026-04-02T11:07:16Z INF 
Registered tunnel connection 
connIndex=0 connection=333e5f41-6
6de-4c16-a6f5-eba8cfdb7387 
event=0 ip=198.41.192.27 
location=los01 protocol=quic
